{"C:\\Users\\AvowS-User\\Desktop\\Task\\employee_management\\server\\src\\Controller\\Employee_controller.js": {"path":"C:\\Users\\AvowS-User\\Desktop\\Task\\employee_management\\server\\src\\Controller\\Employee_controller.js","statementMap":{"0":{"start":{"line":1,"column":17},"end":{"line":1,"column":51}},"1":{"start":{"line":3,"column":23},"end":{"line":40,"column":1}},"2":{"start":{"line":4,"column":2},"end":{"line":39,"column":3}},"3":{"start":{"line":5,"column":19},"end":{"line":35,"column":6}},"4":{"start":{"line":36,"column":4},"end":{"line":36,"column":38}},"5":{"start":{"line":38,"column":4},"end":{"line":38,"column":66}},"6":{"start":{"line":42,"column":31},"end":{"line":57,"column":1}},"7":{"start":{"line":43,"column":22},"end":{"line":43,"column":48}},"8":{"start":{"line":44,"column":2},"end":{"line":56,"column":3}},"9":{"start":{"line":45,"column":21},"end":{"line":48,"column":5}},"10":{"start":{"line":49,"column":4},"end":{"line":53,"column":5}},"11":{"start":{"line":50,"column":6},"end":{"line":50,"column":42}},"12":{"start":{"line":52,"column":6},"end":{"line":52,"column":67}},"13":{"start":{"line":55,"column":4},"end":{"line":55,"column":66}},"14":{"start":{"line":59,"column":24},"end":{"line":74,"column":1}},"15":{"start":{"line":60,"column":2},"end":{"line":73,"column":3}},"16":{"start":{"line":61,"column":19},"end":{"line":64,"column":6}},"17":{"start":{"line":66,"column":29},"end":{"line":68,"column":5}},"18":{"start":{"line":67,"column":44},"end":{"line":67,"column":63}},"19":{"start":{"line":70,"column":4},"end":{"line":70,"column":36}},"20":{"start":{"line":72,"column":4},"end":{"line":72,"column":66}},"21":{"start":{"line":76,"column":24},"end":{"line":122,"column":1}},"22":{"start":{"line":77,"column":2},"end":{"line":121,"column":3}},"23":{"start":{"line":78,"column":19},"end":{"line":92,"column":6}},"24":{"start":{"line":94,"column":23},"end":{"line":107,"column":5}},"25":{"start":{"line":109,"column":29},"end":{"line":112,"column":10}},"26":{"start":{"line":110,"column":6},"end":{"line":110,"column":21}},"27":{"start":{"line":111,"column":6},"end":{"line":111,"column":17}},"28":{"start":{"line":114,"column":4},"end":{"line":116,"column":7}},"29":{"start":{"line":115,"column":6},"end":{"line":115,"column":62}},"30":{"start":{"line":118,"column":4},"end":{"line":118,"column":31}},"31":{"start":{"line":120,"column":4},"end":{"line":120,"column":61}},"32":{"start":{"line":124,"column":20},"end":{"line":134,"column":1}},"33":{"start":{"line":125,"column":2},"end":{"line":133,"column":3}},"34":{"start":{"line":126,"column":19},"end":{"line":129,"column":5}},"35":{"start":{"line":130,"column":4},"end":{"line":130,"column":33}},"36":{"start":{"line":132,"column":4},"end":{"line":132,"column":61}},"37":{"start":{"line":136,"column":23},"end":{"line":141,"column":1}},"38":{"start":{"line":137,"column":2},"end":{"line":140,"column":4}},"39":{"start":{"line":143,"column":0},"end":{"line":150,"column":2}}},"fnMap":{"0":{"name":"(anonymous_0)","decl":{"start":{"line":3,"column":23},"end":{"line":3,"column":24}},"loc":{"start":{"line":3,"column":52},"end":{"line":40,"column":1}},"line":3},"1":{"name":"(anonymous_1)","decl":{"start":{"line":42,"column":31},"end":{"line":42,"column":32}},"loc":{"start":{"line":42,"column":60},"end":{"line":57,"column":1}},"line":42},"2":{"name":"(anonymous_2)","decl":{"start":{"line":59,"column":24},"end":{"line":59,"column":25}},"loc":{"start":{"line":59,"column":53},"end":{"line":74,"column":1}},"line":59},"3":{"name":"(anonymous_3)","decl":{"start":{"line":67,"column":17},"end":{"line":67,"column":18}},"loc":{"start":{"line":67,"column":44},"end":{"line":67,"column":63}},"line":67},"4":{"name":"(anonymous_4)","decl":{"start":{"line":76,"column":24},"end":{"line":76,"column":25}},"loc":{"start":{"line":76,"column":44},"end":{"line":122,"column":1}},"line":76},"5":{"name":"(anonymous_5)","decl":{"start":{"line":109,"column":47},"end":{"line":109,"column":48}},"loc":{"start":{"line":109,"column":63},"end":{"line":112,"column":5}},"line":109},"6":{"name":"(anonymous_6)","decl":{"start":{"line":114,"column":19},"end":{"line":114,"column":20}},"loc":{"start":{"line":114,"column":28},"end":{"line":116,"column":5}},"line":114},"7":{"name":"(anonymous_7)","decl":{"start":{"line":124,"column":20},"end":{"line":124,"column":21}},"loc":{"start":{"line":124,"column":40},"end":{"line":134,"column":1}},"line":124},"8":{"name":"(anonymous_8)","decl":{"start":{"line":136,"column":23},"end":{"line":136,"column":24}},"loc":{"start":{"line":136,"column":50},"end":{"line":141,"column":1}},"line":136}},"branchMap":{"0":{"loc":{"start":{"line":49,"column":4},"end":{"line":53,"column":5}},"type":"if","locations":[{"start":{"line":49,"column":4},"end":{"line":53,"column":5}},{"start":{"line":51,"column":11},"end":{"line":53,"column":5}}],"line":49}},"s":{"0":2,"1":2,"2":2,"3":2,"4":1,"5":1,"6":2,"7":3,"8":3,"9":3,"10":2,"11":1,"12":1,"13":1,"14":2,"15":2,"16":2,"17":1,"18":2,"19":1,"20":1,"21":2,"22":2,"23":2,"24":1,"25":1,"26":12,"27":12,"28":1,"29":2,"30":1,"31":1,"32":2,"33":2,"34":2,"35":1,"36":1,"37":2,"38":2,"39":2},"f":{"0":2,"1":3,"2":2,"3":2,"4":2,"5":12,"6":2,"7":2,"8":2},"b":{"0":[1,1]},"_coverageSchema":"1a1c01bbd47fc00a2c39e90264f33305004495a9","hash":"80a8886aeffb5195572a47fa7ea4ea8fc47d55f7"}
,"C:\\Users\\AvowS-User\\Desktop\\Task\\employee_management\\server\\src\\Controller\\TaskController.js": {"path":"C:\\Users\\AvowS-User\\Desktop\\Task\\employee_management\\server\\src\\Controller\\TaskController.js","statementMap":{"0":{"start":{"line":1,"column":18},"end":{"line":1,"column":48}},"1":{"start":{"line":3,"column":17},"end":{"line":3,"column":61}},"2":{"start":{"line":4,"column":21},"end":{"line":4,"column":39}},"3":{"start":{"line":6,"column":30},"end":{"line":18,"column":1}},"4":{"start":{"line":7,"column":18},"end":{"line":7,"column":40}},"5":{"start":{"line":8,"column":2},"end":{"line":17,"column":3}},"6":{"start":{"line":9,"column":19},"end":{"line":9,"column":64}},"7":{"start":{"line":10,"column":4},"end":{"line":14,"column":5}},"8":{"start":{"line":11,"column":6},"end":{"line":11,"column":40}},"9":{"start":{"line":13,"column":6},"end":{"line":13,"column":50}},"10":{"start":{"line":16,"column":4},"end":{"line":16,"column":55}},"11":{"start":{"line":20,"column":25},"end":{"line":28,"column":1}},"12":{"start":{"line":21,"column":17},"end":{"line":21,"column":34}},"13":{"start":{"line":22,"column":2},"end":{"line":27,"column":3}},"14":{"start":{"line":23,"column":19},"end":{"line":23,"column":79}},"15":{"start":{"line":24,"column":4},"end":{"line":24,"column":33}},"16":{"start":{"line":26,"column":4},"end":{"line":26,"column":50}},"17":{"start":{"line":31,"column":22},"end":{"line":40,"column":1}},"18":{"start":{"line":32,"column":19},"end":{"line":32,"column":73}},"19":{"start":{"line":33,"column":2},"end":{"line":38,"column":3}},"20":{"start":{"line":34,"column":19},"end":{"line":34,"column":35}},"21":{"start":{"line":35,"column":23},"end":{"line":35,"column":52}},"22":{"start":{"line":36,"column":19},"end":{"line":36,"column":69}},"23":{"start":{"line":37,"column":4},"end":{"line":37,"column":18}},"24":{"start":{"line":39,"column":2},"end":{"line":39,"column":16}},"25":{"start":{"line":43,"column":17},"end":{"line":60,"column":1}},"26":{"start":{"line":44,"column":2},"end":{"line":59,"column":3}},"27":{"start":{"line":45,"column":19},"end":{"line":45,"column":40}},"28":{"start":{"line":46,"column":17},"end":{"line":46,"column":49}},"29":{"start":{"line":48,"column":20},"end":{"line":48,"column":39}},"30":{"start":{"line":49,"column":22},"end":{"line":49,"column":42}},"31":{"start":{"line":50,"column":4},"end":{"line":50,"column":49}},"32":{"start":{"line":52,"column":4},"end":{"line":54,"column":71}},"33":{"start":{"line":56,"column":4},"end":{"line":58,"column":72}},"34":{"start":{"line":62,"column":23},"end":{"line":77,"column":1}},"35":{"start":{"line":63,"column":18},"end":{"line":63,"column":36}},"36":{"start":{"line":64,"column":22},"end":{"line":64,"column":30}},"37":{"start":{"line":65,"column":2},"end":{"line":76,"column":3}},"38":{"start":{"line":66,"column":19},"end":{"line":69,"column":5}},"39":{"start":{"line":70,"column":4},"end":{"line":72,"column":5}},"40":{"start":{"line":71,"column":6},"end":{"line":71,"column":71}},"41":{"start":{"line":73,"column":4},"end":{"line":73,"column":67}},"42":{"start":{"line":75,"column":4},"end":{"line":75,"column":50}},"43":{"start":{"line":79,"column":23},"end":{"line":90,"column":1}},"44":{"start":{"line":80,"column":18},"end":{"line":80,"column":36}},"45":{"start":{"line":81,"column":2},"end":{"line":89,"column":3}},"46":{"start":{"line":82,"column":19},"end":{"line":82,"column":57}},"47":{"start":{"line":83,"column":4},"end":{"line":85,"column":5}},"48":{"start":{"line":84,"column":6},"end":{"line":84,"column":52}},"49":{"start":{"line":86,"column":4},"end":{"line":86,"column":67}},"50":{"start":{"line":88,"column":4},"end":{"line":88,"column":50}},"51":{"start":{"line":92,"column":0},"end":{"line":98,"column":2}}},"fnMap":{"0":{"name":"(anonymous_0)","decl":{"start":{"line":6,"column":30},"end":{"line":6,"column":31}},"loc":{"start":{"line":6,"column":59},"end":{"line":18,"column":1}},"line":6},"1":{"name":"(anonymous_1)","decl":{"start":{"line":20,"column":25},"end":{"line":20,"column":26}},"loc":{"start":{"line":20,"column":45},"end":{"line":28,"column":1}},"line":20},"2":{"name":"(anonymous_2)","decl":{"start":{"line":31,"column":22},"end":{"line":31,"column":23}},"loc":{"start":{"line":31,"column":34},"end":{"line":40,"column":1}},"line":31},"3":{"name":"(anonymous_3)","decl":{"start":{"line":43,"column":17},"end":{"line":43,"column":18}},"loc":{"start":{"line":43,"column":37},"end":{"line":60,"column":1}},"line":43},"4":{"name":"(anonymous_4)","decl":{"start":{"line":62,"column":23},"end":{"line":62,"column":24}},"loc":{"start":{"line":62,"column":43},"end":{"line":77,"column":1}},"line":62},"5":{"name":"(anonymous_5)","decl":{"start":{"line":79,"column":23},"end":{"line":79,"column":24}},"loc":{"start":{"line":79,"column":43},"end":{"line":90,"column":1}},"line":79}},"branchMap":{"0":{"loc":{"start":{"line":10,"column":4},"end":{"line":14,"column":5}},"type":"if","locations":[{"start":{"line":10,"column":4},"end":{"line":14,"column":5}},{"start":{"line":12,"column":11},"end":{"line":14,"column":5}}],"line":10},"1":{"loc":{"start":{"line":33,"column":2},"end":{"line":38,"column":3}},"type":"if","locations":[{"start":{"line":33,"column":2},"end":{"line":38,"column":3}},{"start":{},"end":{}}],"line":33},"2":{"loc":{"start":{"line":70,"column":4},"end":{"line":72,"column":5}},"type":"if","locations":[{"start":{"line":70,"column":4},"end":{"line":72,"column":5}},{"start":{},"end":{}}],"line":70},"3":{"loc":{"start":{"line":83,"column":4},"end":{"line":85,"column":5}},"type":"if","locations":[{"start":{"line":83,"column":4},"end":{"line":85,"column":5}},{"start":{},"end":{}}],"line":83}},"s":{"0":1,"1":1,"2":1,"3":1,"4":3,"5":3,"6":3,"7":2,"8":1,"9":1,"10":1,"11":1,"12":2,"13":2,"14":2,"15":1,"16":1,"17":1,"18":3,"19":3,"20":1,"21":1,"22":1,"23":1,"24":2,"25":1,"26":3,"27":3,"28":3,"29":3,"30":3,"31":2,"32":2,"33":1,"34":1,"35":3,"36":3,"37":3,"38":3,"39":2,"40":1,"41":1,"42":1,"43":1,"44":3,"45":3,"46":3,"47":2,"48":1,"49":1,"50":1,"51":1},"f":{"0":3,"1":2,"2":3,"3":3,"4":3,"5":3},"b":{"0":[1,1],"1":[1,2],"2":[1,1],"3":[1,1]},"_coverageSchema":"1a1c01bbd47fc00a2c39e90264f33305004495a9","hash":"3d94bd4bde53371bacafae003ef71e3573184ee7"}
,"C:\\Users\\AvowS-User\\Desktop\\Task\\employee_management\\server\\src\\Model\\Employee_Model.js": {"path":"C:\\Users\\AvowS-User\\Desktop\\Task\\employee_management\\server\\src\\Model\\Employee_Model.js","statementMap":{"0":{"start":{"line":1,"column":17},"end":{"line":1,"column":36}},"1":{"start":{"line":3,"column":18},"end":{"line":25,"column":1}},"2":{"start":{"line":27,"column":12},"end":{"line":27,"column":49}},"3":{"start":{"line":28,"column":0},"end":{"line":28,"column":21}}},"fnMap":{},"branchMap":{},"s":{"0":2,"1":2,"2":2,"3":2},"f":{},"b":{},"_coverageSchema":"1a1c01bbd47fc00a2c39e90264f33305004495a9","hash":"1f860b8885318c89e4187cd5ef5989763f9073df"}
,"C:\\Users\\AvowS-User\\Desktop\\Task\\employee_management\\server\\src\\Model\\Task_Model.js": {"path":"C:\\Users\\AvowS-User\\Desktop\\Task\\employee_management\\server\\src\\Model\\Task_Model.js","statementMap":{"0":{"start":{"line":1,"column":17},"end":{"line":1,"column":36}},"1":{"start":{"line":3,"column":19},"end":{"line":29,"column":1}},"2":{"start":{"line":31,"column":13},"end":{"line":31,"column":48}},"3":{"start":{"line":32,"column":0},"end":{"line":32,"column":22}}},"fnMap":{},"branchMap":{},"s":{"0":2,"1":2,"2":2,"3":2},"f":{},"b":{},"_coverageSchema":"1a1c01bbd47fc00a2c39e90264f33305004495a9","hash":"968d26c338fd182b3ed0289a265ae35d6b121379"}
}
