TN:
SF:src\Controller\Employee_controller.js
FN:3,(anonymous_0)
FN:42,(anonymous_1)
FN:59,(anonymous_2)
FN:67,(anonymous_3)
FN:76,(anonymous_4)
FN:109,(anonymous_5)
FN:114,(anonymous_6)
FN:124,(anonymous_7)
FN:136,(anonymous_8)
FNF:9
FNH:9
FNDA:2,(anonymous_0)
FNDA:3,(anonymous_1)
FNDA:2,(anonymous_2)
FNDA:2,(anonymous_3)
FNDA:2,(anonymous_4)
FNDA:12,(anonymous_5)
FNDA:2,(anonymous_6)
FNDA:2,(anonymous_7)
FNDA:2,(anonymous_8)
DA:1,2
DA:3,2
DA:4,2
DA:5,2
DA:36,1
DA:38,1
DA:42,2
DA:43,3
DA:44,3
DA:45,3
DA:49,2
DA:50,1
DA:52,1
DA:55,1
DA:59,2
DA:60,2
DA:61,2
DA:66,1
DA:67,2
DA:70,1
DA:72,1
DA:76,2
DA:77,2
DA:78,2
DA:94,1
DA:109,1
DA:110,12
DA:111,12
DA:114,1
DA:115,2
DA:118,1
DA:120,1
DA:124,2
DA:125,2
DA:126,2
DA:130,1
DA:132,1
DA:136,2
DA:137,2
DA:143,2
LF:40
LH:40
BRDA:49,0,0,1
BRDA:49,0,1,1
BRF:2
BRH:2
end_of_record
TN:
SF:src\Controller\TaskController.js
FN:6,(anonymous_0)
FN:20,(anonymous_1)
FN:31,(anonymous_2)
FN:43,(anonymous_3)
FN:62,(anonymous_4)
FN:79,(anonymous_5)
FNF:6
FNH:6
FNDA:3,(anonymous_0)
FNDA:2,(anonymous_1)
FNDA:3,(anonymous_2)
FNDA:3,(anonymous_3)
FNDA:3,(anonymous_4)
FNDA:3,(anonymous_5)
DA:1,1
DA:3,1
DA:4,1
DA:6,1
DA:7,3
DA:8,3
DA:9,3
DA:10,2
DA:11,1
DA:13,1
DA:16,1
DA:20,1
DA:21,2
DA:22,2
DA:23,2
DA:24,1
DA:26,1
DA:31,1
DA:32,3
DA:33,3
DA:34,1
DA:35,1
DA:36,1
DA:37,1
DA:39,2
DA:43,1
DA:44,3
DA:45,3
DA:46,3
DA:48,3
DA:49,3
DA:50,2
DA:52,2
DA:56,1
DA:62,1
DA:63,3
DA:64,3
DA:65,3
DA:66,3
DA:70,2
DA:71,1
DA:73,1
DA:75,1
DA:79,1
DA:80,3
DA:81,3
DA:82,3
DA:83,2
DA:84,1
DA:86,1
DA:88,1
DA:92,1
LF:52
LH:52
BRDA:10,0,0,1
BRDA:10,0,1,1
BRDA:33,1,0,1
BRDA:33,1,1,2
BRDA:70,2,0,1
BRDA:70,2,1,1
BRDA:83,3,0,1
BRDA:83,3,1,1
BRF:8
BRH:8
end_of_record
TN:
SF:src\Model\Employee_Model.js
FNF:0
FNH:0
DA:1,2
DA:3,2
DA:27,2
DA:28,2
LF:4
LH:4
BRF:0
BRH:0
end_of_record
TN:
SF:src\Model\Task_Model.js
FNF:0
FNH:0
DA:1,2
DA:3,2
DA:31,2
DA:32,2
LF:4
LH:4
BRF:0
BRH:0
end_of_record
